c:\users\denver\source\repos\2_semestr\queue_lesson\debug\vc142.pdb
c:\users\denver\source\repos\2_semestr\queue_lesson\debug\vc142.idb
c:\users\denver\source\repos\2_semestr\queue_lesson\debug\source.obj
c:\users\denver\source\repos\2_semestr\queue_lesson\debug\queue.obj
c:\users\denver\source\repos\2_semestr\queue_lesson\debug\queue12.obj
c:\users\denver\source\repos\2_semestr\debug\queue_lesson.exe
c:\users\denver\source\repos\2_semestr\debug\queue_lesson.ilk
c:\users\denver\source\repos\2_semestr\debug\queue_lesson.pdb
c:\users\denver\source\repos\2_semestr\queue_lesson\debug\queue_lesson.tlog\cl.command.1.tlog
c:\users\denver\source\repos\2_semestr\queue_lesson\debug\queue_lesson.tlog\cl.read.1.tlog
c:\users\denver\source\repos\2_semestr\queue_lesson\debug\queue_lesson.tlog\cl.write.1.tlog
c:\users\denver\source\repos\2_semestr\queue_lesson\debug\queue_lesson.tlog\link-cvtres.read.1.tlog
c:\users\denver\source\repos\2_semestr\queue_lesson\debug\queue_lesson.tlog\link-cvtres.write.1.tlog
c:\users\denver\source\repos\2_semestr\queue_lesson\debug\queue_lesson.tlog\link-rc.read.1.tlog
c:\users\denver\source\repos\2_semestr\queue_lesson\debug\queue_lesson.tlog\link-rc.write.1.tlog
c:\users\denver\source\repos\2_semestr\queue_lesson\debug\queue_lesson.tlog\link.4520-cvtres.read.1.tlog
c:\users\denver\source\repos\2_semestr\queue_lesson\debug\queue_lesson.tlog\link.4520-cvtres.write.1.tlog
c:\users\denver\source\repos\2_semestr\queue_lesson\debug\queue_lesson.tlog\link.4520-rc.read.1.tlog
c:\users\denver\source\repos\2_semestr\queue_lesson\debug\queue_lesson.tlog\link.4520-rc.write.1.tlog
c:\users\denver\source\repos\2_semestr\queue_lesson\debug\queue_lesson.tlog\link.4520.read.1.tlog
c:\users\denver\source\repos\2_semestr\queue_lesson\debug\queue_lesson.tlog\link.4520.write.1.tlog
c:\users\denver\source\repos\2_semestr\queue_lesson\debug\queue_lesson.tlog\link.command.1.tlog
c:\users\denver\source\repos\2_semestr\queue_lesson\debug\queue_lesson.tlog\link.read.1.tlog
c:\users\denver\source\repos\2_semestr\queue_lesson\debug\queue_lesson.tlog\link.write.1.tlog
